{
  "RSpec": {
    "coverage": {
      "/Users/calebwittman/turing/mod_3/final_project/whether_sweater/spec/api/v1/requests/backgrounds_request_spec.rb": {
        "lines": [
          1,
          null,
          1,
          1,
          1,
          1,
          null,
          1,
          null,
          null,
          1,
          null,
          1,
          null,
          1,
          null,
          1,
          1,
          1,
          null,
          null,
          null
        ]
      },
      "/Users/calebwittman/turing/mod_3/final_project/whether_sweater/spec/rails_helper.rb": {
        "lines": [
          null,
          1,
          1,
          1,
          null,
          1,
          1,
          null,
          null,
          null,
          null,
          null,
          null,
          null,
          null,
          null,
          null,
          null,
          null,
          null,
          null,
          null,
          null,
          null,
          null,
          null,
          null,
          1,
          null,
          0,
          0,
          null,
          1,
          null,
          1,
          null,
          null,
          null,
          null,
          1,
          null,
          null,
          null,
          null,
          null,
          null,
          null,
          null,
          null,
          null,
          null,
          null,
          null,
          null,
          null,
          null,
          null,
          1,
          null,
          null,
          1,
          null,
          null,
          null,
          1,
          1,
          1,
          1,
          null,
          null
        ]
      },
      "/Users/calebwittman/turing/mod_3/final_project/whether_sweater/config/environment.rb": {
        "lines": [
          null,
          1,
          null,
          null,
          1
        ]
      },
      "/Users/calebwittman/turing/mod_3/final_project/whether_sweater/config/application.rb": {
        "lines": [
          1,
          null,
          1,
          null,
          1,
          1,
          1,
          1,
          1,
          1,
          1,
          1,
          null,
          null,
          null,
          null,
          null,
          1,
          null,
          1,
          1,
          null,
          1,
          null,
          null,
          null,
          null,
          null,
          null,
          null,
          null,
          null,
          1,
          null,
          null
        ]
      },
      "/Users/calebwittman/turing/mod_3/final_project/whether_sweater/config/boot.rb": {
        "lines": [
          1,
          null,
          1,
          1
        ]
      },
      "/Users/calebwittman/turing/mod_3/final_project/whether_sweater/config/environments/test.rb": {
        "lines": [
          1,
          null,
          null,
          null,
          null,
          null,
          null,
          1,
          null,
          null,
          null,
          null,
          1,
          null,
          null,
          1,
          1,
          null,
          null,
          null,
          null,
          1,
          1,
          null,
          null,
          1,
          null,
          null,
          1,
          null,
          null,
          1,
          null,
          1,
          null,
          null,
          null,
          null,
          1,
          null,
          null,
          1,
          null,
          null,
          null,
          null
        ]
      },
      "/Users/calebwittman/turing/mod_3/final_project/whether_sweater/config/initializers/application_controller_renderer.rb": {
        "lines": [
          null,
          null,
          null,
          null,
          null,
          null,
          null,
          null
        ]
      },
      "/Users/calebwittman/turing/mod_3/final_project/whether_sweater/config/initializers/backtrace_silencers.rb": {
        "lines": [
          null,
          null,
          null,
          null,
          null,
          null,
          null
        ]
      },
      "/Users/calebwittman/turing/mod_3/final_project/whether_sweater/config/initializers/cors.rb": {
        "lines": [
          null,
          null,
          null,
          null,
          null,
          null,
          null,
          null,
          null,
          null,
          null,
          null,
          null,
          null,
          null,
          null
        ]
      },
      "/Users/calebwittman/turing/mod_3/final_project/whether_sweater/config/initializers/filter_parameter_logging.rb": {
        "lines": [
          null,
          null,
          null,
          1
        ]
      },
      "/Users/calebwittman/turing/mod_3/final_project/whether_sweater/config/initializers/inflections.rb": {
        "lines": [
          null,
          null,
          null,
          null,
          null,
          null,
          null,
          null,
          null,
          null,
          null,
          null,
          null,
          null,
          null,
          null
        ]
      },
      "/Users/calebwittman/turing/mod_3/final_project/whether_sweater/config/initializers/mime_types.rb": {
        "lines": [
          null,
          null,
          null,
          null
        ]
      },
      "/Users/calebwittman/turing/mod_3/final_project/whether_sweater/config/initializers/wrap_parameters.rb": {
        "lines": [
          null,
          null,
          null,
          null,
          null,
          null,
          1,
          2,
          null,
          null,
          null,
          null,
          null,
          null
        ]
      },
      "/Users/calebwittman/turing/mod_3/final_project/whether_sweater/config/routes.rb": {
        "lines": [
          1,
          1,
          1,
          1,
          1,
          1,
          null,
          null,
          null
        ]
      },
      "/Users/calebwittman/turing/mod_3/final_project/whether_sweater/spec/api/v1/requests/forecast_requests_spec.rb": {
        "lines": [
          1,
          null,
          1,
          1,
          1,
          1,
          null,
          1,
          null,
          null,
          1,
          null,
          1,
          null,
          null,
          1,
          null,
          1,
          null,
          1,
          null,
          1,
          1,
          5,
          5,
          5,
          5,
          5,
          5,
          5,
          null,
          null,
          1,
          1,
          8,
          8,
          8,
          8,
          null,
          null,
          null,
          null
        ]
      },
      "/Users/calebwittman/turing/mod_3/final_project/whether_sweater/spec/api/v1/requests/user_request_spec.rb": {
        "lines": [
          1,
          null,
          1,
          1,
          null,
          0,
          null,
          null,
          null,
          null,
          0,
          null,
          0,
          null,
          0,
          null,
          0,
          null,
          0,
          0,
          null,
          null
        ]
      },
      "/Users/calebwittman/turing/mod_3/final_project/whether_sweater/spec/facades/open_weather_facade_spec.rb": {
        "lines": [
          1,
          null,
          null,
          1,
          1,
          1,
          1,
          null,
          1,
          null,
          null,
          1,
          null,
          1,
          null,
          null,
          1,
          null,
          1,
          1,
          1,
          null,
          1,
          1,
          1,
          null,
          1,
          1,
          1,
          null,
          1,
          1,
          1,
          null,
          null,
          null
        ]
      },
      "/Users/calebwittman/turing/mod_3/final_project/whether_sweater/app/facades/open_weather_facade.rb": {
        "lines": [
          1,
          1,
          2,
          2,
          null,
          2,
          null,
          null
        ]
      },
      "/Users/calebwittman/turing/mod_3/final_project/whether_sweater/spec/models/user_spec.rb": {
        "lines": [
          1,
          null,
          1,
          1,
          2,
          2,
          2,
          null,
          null
        ]
      },
      "/Users/calebwittman/turing/mod_3/final_project/whether_sweater/app/models/user.rb": {
        "lines": [
          1,
          1,
          1,
          null
        ]
      },
      "/Users/calebwittman/turing/mod_3/final_project/whether_sweater/app/models/application_record.rb": {
        "lines": [
          1,
          1,
          null
        ]
      },
      "/Users/calebwittman/turing/mod_3/final_project/whether_sweater/spec/services/geocoding_service_spec.rb": {
        "lines": [
          1,
          null,
          1,
          1,
          1,
          null,
          1,
          null,
          null,
          null,
          1,
          null,
          1,
          1,
          null,
          null
        ]
      },
      "/Users/calebwittman/turing/mod_3/final_project/whether_sweater/app/services/geocoding_api_service.rb": {
        "lines": [
          1,
          1,
          4,
          4,
          4,
          null,
          null,
          4,
          null,
          null
        ]
      },
      "/Users/calebwittman/turing/mod_3/final_project/whether_sweater/spec/services/open_weather_api_service_spec.rb": {
        "lines": [
          1,
          null,
          1,
          1,
          1,
          1,
          null,
          1,
          null,
          null,
          1,
          1,
          null,
          1,
          null,
          null,
          1,
          null,
          1,
          1,
          1,
          1,
          1,
          1,
          1,
          1,
          1,
          1,
          null,
          1,
          1,
          1,
          1,
          1,
          1,
          1,
          null,
          1,
          1,
          1,
          1,
          null,
          null,
          null
        ]
      },
      "/Users/calebwittman/turing/mod_3/final_project/whether_sweater/app/services/open_weather_api_service.rb": {
        "lines": [
          1,
          1,
          3,
          3,
          3,
          3,
          3,
          null,
          null,
          3,
          null,
          null
        ]
      },
      "/Users/calebwittman/turing/mod_3/final_project/whether_sweater/spec/services/unsplash_api_service_spec.rb": {
        "lines": [
          1,
          null,
          1,
          1,
          1,
          1,
          null,
          1,
          null,
          null,
          1,
          null,
          1,
          1,
          null,
          null,
          null
        ]
      },
      "/Users/calebwittman/turing/mod_3/final_project/whether_sweater/app/services/unsplash_api_service.rb": {
        "lines": [
          1,
          null,
          1,
          2,
          2,
          2,
          2,
          null,
          null,
          2,
          null,
          null
        ]
      },
      "/Users/calebwittman/turing/mod_3/final_project/whether_sweater/app/controllers/api/v1/backgrounds_controller.rb": {
        "lines": [
          1,
          1,
          1,
          1,
          1,
          null,
          null,
          null
        ]
      },
      "/Users/calebwittman/turing/mod_3/final_project/whether_sweater/app/controllers/application_controller.rb": {
        "lines": [
          1,
          null
        ]
      },
      "/Users/calebwittman/turing/mod_3/final_project/whether_sweater/app/facades/unsplash_facade.rb": {
        "lines": [
          1,
          null,
          1,
          1,
          null,
          1,
          null,
          null
        ]
      },
      "/Users/calebwittman/turing/mod_3/final_project/whether_sweater/app/poros/image_url.rb": {
        "lines": [
          1,
          1,
          null,
          1,
          1,
          null,
          null
        ]
      },
      "/Users/calebwittman/turing/mod_3/final_project/whether_sweater/app/serializers/image_serializer.rb": {
        "lines": [
          1,
          1,
          null,
          1,
          1,
          null,
          null,
          null,
          null,
          null,
          null,
          null,
          null,
          null,
          null,
          null,
          null,
          null,
          null,
          null,
          null,
          null,
          null
        ]
      },
      "/Users/calebwittman/turing/mod_3/final_project/whether_sweater/app/controllers/api/v1/forecasts_controller.rb": {
        "lines": [
          1,
          1,
          1,
          1,
          1,
          null,
          null,
          null
        ]
      },
      "/Users/calebwittman/turing/mod_3/final_project/whether_sweater/app/facades/geocoding_facade.rb": {
        "lines": [
          1,
          1,
          3,
          null,
          3,
          null,
          null
        ]
      },
      "/Users/calebwittman/turing/mod_3/final_project/whether_sweater/app/poros/coordinates.rb": {
        "lines": [
          1,
          1,
          null,
          null,
          1,
          3,
          3,
          null,
          null
        ]
      },
      "/Users/calebwittman/turing/mod_3/final_project/whether_sweater/app/poros/weather_package.rb": {
        "lines": [
          1,
          1,
          null,
          null,
          null,
          1,
          2,
          2,
          2,
          2,
          null,
          null,
          1,
          52,
          null,
          null,
          1,
          null,
          2,
          null,
          null,
          null,
          null,
          null,
          null,
          null,
          null,
          null,
          null,
          null,
          null,
          1,
          2,
          null,
          10,
          null,
          null,
          null,
          null,
          null,
          null,
          null,
          null,
          null,
          null,
          null,
          1,
          2,
          null,
          16,
          null,
          null,
          null,
          null,
          null,
          null,
          null
        ]
      },
      "/Users/calebwittman/turing/mod_3/final_project/whether_sweater/app/serializers/forecast_serializer.rb": {
        "lines": [
          1,
          1,
          null,
          1,
          null,
          1,
          null,
          null,
          null,
          null,
          null,
          null,
          null,
          null,
          null,
          null,
          null,
          null,
          null,
          null,
          null
        ]
      }
    },
    "timestamp": 1628182615
  }
}
